<?xml version="1.0" encoding="UTF-8"?>
<!-- Generated by org.testng.reporters.JUnitReportReporter -->
<testsuite hostname="DESKTOP-EA573AN" failures="0" tests="2" name="com.Test.Login_Test1" time="76.605" errors="0" timestamp="2023-03-09T15:40:47 IST" skipped="0">
  <testcase classname="com.Test.Login_Test1" name="verify_LoginPage" time="55.832"/>
  <system-out/>
  <testcase classname="com.Test.Login_Test1" name="verify_LoginPage" time="20.773"/>
  <system-out/>
</testsuite> <!-- com.Test.Login_Test1 -->
